2020-07-07 13:19:29,223 - [WARNING] - LogLog - MainThread - case - 43 - [日志信息]:测试
2020-07-07 13:19:43,625 - [INFO] - LogLog - MainThread - case - 43 - [日志信息]:测试
2020-07-08 17:28:40,239 - [INFO] - GetCaseData - MainThread - case - 15 - [日志信息]:=====测试用例读取开始=====
2020-07-08 17:28:40,260 - [INFO] - GetCaseData - MainThread - case - 28 - [日志信息]:=====测试用例读取完成=====
2020-07-08 17:29:09,123 - [WARNING] - GetCaseData - MainThread - case - 31 - [日志信息]:'GetExeclData' object has no attribute '_filename1'
2020-07-08 17:29:27,582 - [WARNING] - GetCaseData - MainThread - case - 31 - [日志信息]:'GetExeclData' object has no attribute '_filename1'
2020-07-08 17:37:40,530 - [INFO] - ResquestMethod - MainThread - case - 15 - [日志信息]:百度接口正在发送请求
2020-07-08 17:37:40,847 - [INFO] - ResquestMethod - MainThread - case - 22 - [日志信息]:百度接口请求成功
2020-07-08 17:37:50,058 - [INFO] - ResquestMethod - MainThread - case - 15 - [日志信息]:百度接口正在发送请求
2020-07-08 17:37:50,101 - [INFO] - ResquestMethod - MainThread - case - 22 - [日志信息]:百度接口请求成功
2020-07-08 17:38:00,879 - [INFO] - ResquestMethod - MainThread - case - 15 - [日志信息]:百度接口正在发送请求
2020-07-08 17:38:00,920 - [INFO] - ResquestMethod - MainThread - case - 22 - [日志信息]:百度接口请求成功
2020-07-08 17:38:26,934 - [INFO] - ResquestMethod - MainThread - case - 15 - [日志信息]:百度接口正在发送请求
2020-07-08 17:38:26,979 - [INFO] - ResquestMethod - MainThread - case - 22 - [日志信息]:百度接口请求成功
2020-07-08 17:40:21,850 - [INFO] - ResquestMethod - MainThread - case - 16 - [日志信息]:百度接口正在发送请求
2020-07-08 17:40:22,075 - [INFO] - ResquestMethod - MainThread - case - 23 - [日志信息]:百度接口请求成功
2020-07-08 17:56:34,798 - [INFO] - GetCaseData - MainThread - case - 15 - [日志信息]:=====测试用例读取开始=====
2020-07-08 17:56:34,812 - [INFO] - GetCaseData - MainThread - case - 28 - [日志信息]:=====测试用例读取完成=====
2020-07-08 17:57:44,285 - [INFO] - GetCaseData - MainThread - case - 15 - [日志信息]:=====测试用例读取开始=====
2020-07-08 17:57:44,299 - [INFO] - GetCaseData - MainThread - case - 28 - [日志信息]:=====测试用例读取完成=====
2020-07-08 17:58:34,236 - [INFO] - GetCaseData - MainThread - case - 15 - [日志信息]:=====测试用例读取开始=====
2020-07-08 17:58:34,241 - [INFO] - GetCaseData - MainThread - case - 29 - [日志信息]:=====测试用例读取完成=====
2020-07-09 22:52:15,624 - [WARNING] - GetCaseData - MainThread - case - 32 - [日志信息]:Invalid file path or buffer object type: <class 'property'>
2020-07-09 22:55:38,740 - [WARNING] - GetCaseData - MainThread - case - 32 - [日志信息]:Invalid file path or buffer object type: <class 'property'>
2020-07-09 22:55:58,752 - [WARNING] - GetCaseData - MainThread - case - 31 - [日志信息]:Invalid file path or buffer object type: <class 'property'>
2020-07-09 22:56:19,781 - [WARNING] - GetCaseData - MainThread - case - 31 - [日志信息]:Invalid file path or buffer object type: <class 'function'>
2020-07-09 22:56:42,667 - [WARNING] - GetCaseData - MainThread - case - 31 - [日志信息]:Invalid file path or buffer object type: <class 'function'>
2020-07-09 22:57:16,115 - [INFO] - GetCaseData - MainThread - case - 14 - [日志信息]:=====测试用例读取开始=====
2020-07-09 22:57:16,128 - [INFO] - GetCaseData - MainThread - case - 28 - [日志信息]:=====测试用例读取完成=====
2020-07-09 22:58:17,241 - [INFO] - GetCaseData - MainThread - case - 14 - [日志信息]:=====测试用例读取开始=====
2020-07-09 22:58:17,247 - [INFO] - GetCaseData - MainThread - case - 28 - [日志信息]:=====测试用例读取完成=====
2020-07-09 23:00:48,514 - [INFO] - GetCaseData - MainThread - case - 14 - [日志信息]:=====测试用例读取开始=====
2020-07-09 23:00:48,529 - [INFO] - GetCaseData - MainThread - case - 28 - [日志信息]:=====测试用例读取完成=====
2020-07-09 23:01:21,180 - [INFO] - GetCaseData - MainThread - case - 14 - [日志信息]:=====测试用例读取开始=====
2020-07-09 23:01:21,191 - [INFO] - GetCaseData - MainThread - case - 28 - [日志信息]:=====测试用例读取完成=====
2020-07-09 23:01:42,628 - [INFO] - GetCaseData - MainThread - case - 14 - [日志信息]:=====测试用例读取开始=====
2020-07-09 23:01:42,631 - [INFO] - GetCaseData - MainThread - case - 28 - [日志信息]:=====测试用例读取完成=====
2020-07-09 23:01:54,585 - [INFO] - GetCaseData - MainThread - case - 14 - [日志信息]:=====测试用例读取开始=====
2020-07-09 23:01:54,589 - [INFO] - GetCaseData - MainThread - case - 28 - [日志信息]:=====测试用例读取完成=====
2020-07-09 23:05:58,792 - [INFO] - ResquestMethod - MainThread - case - 25 - [日志信息]:百度接口正在发送请求
2020-07-09 23:05:59,040 - [INFO] - ResquestMethod - MainThread - case - 32 - [日志信息]:百度接口请求成功
2020-07-09 23:31:39,808 - [INFO] - GetCaseData - MainThread - case - 14 - [日志信息]:=====测试用例读取开始=====
2020-07-09 23:31:39,827 - [INFO] - GetCaseData - MainThread - case - 28 - [日志信息]:=====测试用例读取完成=====
2020-07-09 23:31:40,424 - [INFO] - GetCaseData - MainThread - case - 14 - [日志信息]:=====测试用例读取开始=====
2020-07-09 23:31:40,427 - [INFO] - GetCaseData - MainThread - case - 28 - [日志信息]:=====测试用例读取完成=====
2020-07-09 23:35:11,610 - [INFO] - GetCaseData - MainThread - case - 14 - [日志信息]:=====测试用例读取开始=====
2020-07-09 23:35:11,625 - [INFO] - GetCaseData - MainThread - case - 28 - [日志信息]:=====测试用例读取完成=====
2020-07-09 23:35:11,633 - [INFO] - GetCaseData - MainThread - case - 14 - [日志信息]:=====测试用例读取开始=====
2020-07-09 23:35:11,635 - [INFO] - GetCaseData - MainThread - case - 28 - [日志信息]:=====测试用例读取完成=====
2020-07-09 23:35:11,643 - [INFO] - GetCaseData - MainThread - case - 14 - [日志信息]:=====测试用例读取开始=====
2020-07-09 23:35:11,645 - [INFO] - GetCaseData - MainThread - case - 28 - [日志信息]:=====测试用例读取完成=====
2020-07-09 23:35:11,653 - [INFO] - GetCaseData - MainThread - case - 14 - [日志信息]:=====测试用例读取开始=====
2020-07-09 23:35:11,657 - [INFO] - GetCaseData - MainThread - case - 28 - [日志信息]:=====测试用例读取完成=====
2020-07-09 23:35:11,673 - [INFO] - GetCaseData - MainThread - case - 14 - [日志信息]:=====测试用例读取开始=====
2020-07-09 23:35:11,677 - [INFO] - GetCaseData - MainThread - case - 28 - [日志信息]:=====测试用例读取完成=====
2020-07-09 23:35:12,201 - [INFO] - GetCaseData - MainThread - case - 14 - [日志信息]:=====测试用例读取开始=====
2020-07-09 23:35:12,205 - [INFO] - GetCaseData - MainThread - case - 28 - [日志信息]:=====测试用例读取完成=====
2020-07-09 23:35:12,213 - [INFO] - GetCaseData - MainThread - case - 14 - [日志信息]:=====测试用例读取开始=====
2020-07-09 23:35:12,216 - [INFO] - GetCaseData - MainThread - case - 28 - [日志信息]:=====测试用例读取完成=====
2020-07-09 23:35:12,223 - [INFO] - GetCaseData - MainThread - case - 14 - [日志信息]:=====测试用例读取开始=====
2020-07-09 23:35:12,226 - [INFO] - GetCaseData - MainThread - case - 28 - [日志信息]:=====测试用例读取完成=====
2020-07-09 23:35:12,234 - [INFO] - GetCaseData - MainThread - case - 14 - [日志信息]:=====测试用例读取开始=====
2020-07-09 23:35:12,237 - [INFO] - GetCaseData - MainThread - case - 28 - [日志信息]:=====测试用例读取完成=====
2020-07-09 23:35:12,245 - [INFO] - GetCaseData - MainThread - case - 14 - [日志信息]:=====测试用例读取开始=====
2020-07-09 23:35:12,247 - [INFO] - GetCaseData - MainThread - case - 28 - [日志信息]:=====测试用例读取完成=====
2020-07-09 23:35:12,443 - [INFO] - test_check_api - MainThread - case - 18 - [日志信息]:开始运用用例 test_api
2020-07-09 23:35:12,443 - [INFO] - ResquestMethod - MainThread - case - 25 - [日志信息]:百度接口正在发送请求
2020-07-09 23:35:12,639 - [INFO] - ResquestMethod - MainThread - case - 32 - [日志信息]:百度接口请求成功
2020-07-09 23:35:12,648 - [INFO] - test_check_api - MainThread - case - 18 - [日志信息]:开始运用用例 test_api
2020-07-09 23:35:12,648 - [INFO] - ResquestMethod - MainThread - case - 25 - [日志信息]:百度接口正在发送请求
2020-07-09 23:35:12,669 - [INFO] - ResquestMethod - MainThread - case - 32 - [日志信息]:百度接口请求成功
2020-07-09 23:35:12,680 - [INFO] - test_check_api - MainThread - case - 18 - [日志信息]:开始运用用例 test_api
2020-07-09 23:35:12,681 - [INFO] - ResquestMethod - MainThread - case - 25 - [日志信息]:百度接口正在发送请求
2020-07-09 23:35:12,702 - [INFO] - ResquestMethod - MainThread - case - 32 - [日志信息]:百度接口请求成功
2020-07-09 23:35:12,713 - [INFO] - test_check_api - MainThread - case - 18 - [日志信息]:开始运用用例 test_api
2020-07-09 23:35:12,714 - [INFO] - ResquestMethod - MainThread - case - 25 - [日志信息]:百度接口正在发送请求
2020-07-09 23:35:12,733 - [INFO] - ResquestMethod - MainThread - case - 32 - [日志信息]:百度接口请求成功
2020-07-09 23:35:12,741 - [INFO] - test_check_api - MainThread - case - 18 - [日志信息]:开始运用用例 test_api
2020-07-09 23:35:12,741 - [INFO] - ResquestMethod - MainThread - case - 25 - [日志信息]:百度接口正在发送请求
2020-07-09 23:35:12,760 - [INFO] - ResquestMethod - MainThread - case - 32 - [日志信息]:百度接口请求成功
2020-07-09 23:35:12,769 - [INFO] - test_check_api - MainThread - case - 18 - [日志信息]:开始运用用例 test_api
2020-07-09 23:35:12,769 - [INFO] - ResquestMethod - MainThread - case - 25 - [日志信息]:百度接口正在发送请求
2020-07-09 23:35:12,788 - [INFO] - ResquestMethod - MainThread - case - 32 - [日志信息]:百度接口请求成功
2020-07-09 23:35:12,794 - [INFO] - test_check_api - MainThread - case - 18 - [日志信息]:开始运用用例 test_api
2020-07-09 23:35:12,794 - [INFO] - ResquestMethod - MainThread - case - 25 - [日志信息]:百度接口正在发送请求
2020-07-09 23:35:12,812 - [INFO] - ResquestMethod - MainThread - case - 32 - [日志信息]:百度接口请求成功
2020-07-09 23:35:12,820 - [INFO] - test_check_api - MainThread - case - 18 - [日志信息]:开始运用用例 test_api
2020-07-09 23:35:12,821 - [INFO] - ResquestMethod - MainThread - case - 25 - [日志信息]:百度接口正在发送请求
2020-07-09 23:35:12,849 - [INFO] - ResquestMethod - MainThread - case - 32 - [日志信息]:百度接口请求成功
2020-07-09 23:35:12,859 - [INFO] - test_check_api - MainThread - case - 18 - [日志信息]:开始运用用例 test_api
2020-07-09 23:35:12,859 - [INFO] - ResquestMethod - MainThread - case - 25 - [日志信息]:百度接口正在发送请求
2020-07-09 23:35:12,878 - [INFO] - ResquestMethod - MainThread - case - 32 - [日志信息]:百度接口请求成功
2020-07-09 23:35:12,890 - [INFO] - test_check_api - MainThread - case - 18 - [日志信息]:开始运用用例 test_api
2020-07-09 23:35:12,890 - [INFO] - ResquestMethod - MainThread - case - 25 - [日志信息]:百度接口正在发送请求
2020-07-09 23:35:12,911 - [INFO] - ResquestMethod - MainThread - case - 32 - [日志信息]:百度接口请求成功
2020-07-09 23:35:12,922 - [INFO] - test_check_api - MainThread - case - 18 - [日志信息]:开始运用用例 test_api
2020-07-09 23:35:12,922 - [INFO] - ResquestMethod - MainThread - case - 25 - [日志信息]:百度接口正在发送请求
2020-07-09 23:35:12,942 - [INFO] - ResquestMethod - MainThread - case - 32 - [日志信息]:百度接口请求成功
2020-07-09 23:35:12,948 - [INFO] - test_check_api - MainThread - case - 18 - [日志信息]:开始运用用例 test_api
2020-07-09 23:35:12,948 - [INFO] - ResquestMethod - MainThread - case - 25 - [日志信息]:百度接口正在发送请求
2020-07-09 23:35:12,965 - [INFO] - ResquestMethod - MainThread - case - 32 - [日志信息]:百度接口请求成功
2020-07-09 23:35:12,972 - [INFO] - test_check_api - MainThread - case - 18 - [日志信息]:开始运用用例 test_api
2020-07-09 23:35:12,973 - [INFO] - ResquestMethod - MainThread - case - 25 - [日志信息]:百度接口正在发送请求
2020-07-09 23:35:12,994 - [INFO] - ResquestMethod - MainThread - case - 32 - [日志信息]:百度接口请求成功
2020-07-09 23:35:13,000 - [INFO] - test_check_api - MainThread - case - 18 - [日志信息]:开始运用用例 test_api
2020-07-09 23:35:13,000 - [INFO] - ResquestMethod - MainThread - case - 25 - [日志信息]:百度接口正在发送请求
2020-07-09 23:35:13,018 - [INFO] - ResquestMethod - MainThread - case - 32 - [日志信息]:百度接口请求成功
2020-07-09 23:35:13,025 - [INFO] - test_check_api - MainThread - case - 18 - [日志信息]:开始运用用例 test_api
2020-07-09 23:35:13,025 - [INFO] - ResquestMethod - MainThread - case - 25 - [日志信息]:百度接口正在发送请求
2020-07-09 23:35:13,042 - [INFO] - ResquestMethod - MainThread - case - 32 - [日志信息]:百度接口请求成功
2020-07-09 23:35:13,049 - [INFO] - test_check_api - MainThread - case - 18 - [日志信息]:开始运用用例 test_api
2020-07-09 23:35:13,050 - [INFO] - ResquestMethod - MainThread - case - 25 - [日志信息]:百度接口正在发送请求
2020-07-09 23:35:13,069 - [INFO] - ResquestMethod - MainThread - case - 32 - [日志信息]:百度接口请求成功
2020-07-09 23:35:13,075 - [INFO] - test_check_api - MainThread - case - 18 - [日志信息]:开始运用用例 test_api
2020-07-09 23:35:13,076 - [INFO] - ResquestMethod - MainThread - case - 25 - [日志信息]:百度接口正在发送请求
2020-07-09 23:35:13,098 - [INFO] - ResquestMethod - MainThread - case - 32 - [日志信息]:百度接口请求成功
2020-07-09 23:35:13,110 - [INFO] - test_check_api - MainThread - case - 18 - [日志信息]:开始运用用例 test_api
2020-07-09 23:35:13,110 - [INFO] - ResquestMethod - MainThread - case - 25 - [日志信息]:百度接口正在发送请求
2020-07-09 23:35:13,131 - [INFO] - ResquestMethod - MainThread - case - 32 - [日志信息]:百度接口请求成功
2020-07-09 23:35:13,139 - [INFO] - test_check_api - MainThread - case - 18 - [日志信息]:开始运用用例 test_api
2020-07-09 23:35:13,139 - [INFO] - ResquestMethod - MainThread - case - 25 - [日志信息]:百度接口正在发送请求
2020-07-09 23:35:13,160 - [INFO] - ResquestMethod - MainThread - case - 32 - [日志信息]:百度接口请求成功
2020-07-09 23:35:13,167 - [INFO] - test_check_api - MainThread - case - 18 - [日志信息]:开始运用用例 test_api
2020-07-09 23:35:13,167 - [INFO] - ResquestMethod - MainThread - case - 25 - [日志信息]:百度接口正在发送请求
2020-07-09 23:35:13,188 - [INFO] - ResquestMethod - MainThread - case - 32 - [日志信息]:百度接口请求成功
2020-07-09 23:35:13,197 - [INFO] - test_check_api - MainThread - case - 18 - [日志信息]:开始运用用例 test_api
2020-07-09 23:35:13,197 - [INFO] - ResquestMethod - MainThread - case - 25 - [日志信息]:百度接口正在发送请求
2020-07-09 23:35:13,236 - [INFO] - ResquestMethod - MainThread - case - 32 - [日志信息]:百度接口请求成功
2020-07-09 23:35:13,242 - [INFO] - test_check_api - MainThread - case - 18 - [日志信息]:开始运用用例 test_api
2020-07-09 23:35:13,243 - [INFO] - ResquestMethod - MainThread - case - 25 - [日志信息]:百度接口正在发送请求
2020-07-09 23:35:13,260 - [INFO] - ResquestMethod - MainThread - case - 32 - [日志信息]:百度接口请求成功
2020-07-09 23:35:13,265 - [INFO] - test_check_api - MainThread - case - 18 - [日志信息]:开始运用用例 test_api
2020-07-09 23:35:13,266 - [INFO] - ResquestMethod - MainThread - case - 25 - [日志信息]:百度接口正在发送请求
2020-07-09 23:35:13,282 - [INFO] - ResquestMethod - MainThread - case - 32 - [日志信息]:百度接口请求成功
2020-07-09 23:35:13,288 - [INFO] - test_check_api - MainThread - case - 18 - [日志信息]:开始运用用例 test_api
2020-07-09 23:35:13,288 - [INFO] - ResquestMethod - MainThread - case - 25 - [日志信息]:百度接口正在发送请求
2020-07-09 23:35:13,309 - [INFO] - ResquestMethod - MainThread - case - 32 - [日志信息]:百度接口请求成功
2020-07-09 23:35:13,321 - [INFO] - test_check_api - MainThread - case - 18 - [日志信息]:开始运用用例 test_api
2020-07-09 23:35:13,322 - [INFO] - ResquestMethod - MainThread - case - 25 - [日志信息]:百度接口正在发送请求
2020-07-09 23:35:13,345 - [INFO] - ResquestMethod - MainThread - case - 32 - [日志信息]:百度接口请求成功
2020-07-09 23:35:13,352 - [INFO] - test_check_api - MainThread - case - 18 - [日志信息]:开始运用用例 test_api
2020-07-09 23:35:13,353 - [INFO] - ResquestMethod - MainThread - case - 25 - [日志信息]:百度接口正在发送请求
2020-07-09 23:35:13,372 - [INFO] - ResquestMethod - MainThread - case - 32 - [日志信息]:百度接口请求成功
2020-07-09 23:35:13,379 - [INFO] - test_check_api - MainThread - case - 18 - [日志信息]:开始运用用例 test_api
2020-07-09 23:35:13,379 - [INFO] - ResquestMethod - MainThread - case - 25 - [日志信息]:百度接口正在发送请求
2020-07-09 23:35:13,401 - [INFO] - ResquestMethod - MainThread - case - 32 - [日志信息]:百度接口请求成功
2020-07-09 23:35:13,408 - [INFO] - test_check_api - MainThread - case - 18 - [日志信息]:开始运用用例 test_api
2020-07-09 23:35:13,409 - [INFO] - ResquestMethod - MainThread - case - 25 - [日志信息]:百度接口正在发送请求
2020-07-09 23:35:13,429 - [INFO] - ResquestMethod - MainThread - case - 32 - [日志信息]:百度接口请求成功
2020-07-09 23:35:13,436 - [INFO] - test_check_api - MainThread - case - 18 - [日志信息]:开始运用用例 test_api
2020-07-09 23:35:13,437 - [INFO] - ResquestMethod - MainThread - case - 25 - [日志信息]:百度接口正在发送请求
2020-07-09 23:35:13,475 - [INFO] - ResquestMethod - MainThread - case - 32 - [日志信息]:百度接口请求成功
2020-07-09 23:35:13,480 - [INFO] - test_check_api - MainThread - case - 18 - [日志信息]:开始运用用例 test_api
2020-07-09 23:35:13,481 - [INFO] - ResquestMethod - MainThread - case - 25 - [日志信息]:百度接口正在发送请求
2020-07-09 23:35:13,498 - [INFO] - ResquestMethod - MainThread - case - 32 - [日志信息]:百度接口请求成功
2020-07-09 23:35:13,507 - [INFO] - test_check_api - MainThread - case - 18 - [日志信息]:开始运用用例 test_api
2020-07-09 23:35:13,508 - [INFO] - ResquestMethod - MainThread - case - 25 - [日志信息]:百度接口正在发送请求
2020-07-09 23:35:13,531 - [INFO] - ResquestMethod - MainThread - case - 32 - [日志信息]:百度接口请求成功
2020-07-09 23:35:13,537 - [INFO] - test_check_api - MainThread - case - 18 - [日志信息]:开始运用用例 test_api
2020-07-09 23:35:13,538 - [INFO] - ResquestMethod - MainThread - case - 25 - [日志信息]:百度接口正在发送请求
2020-07-09 23:35:13,556 - [INFO] - ResquestMethod - MainThread - case - 32 - [日志信息]:百度接口请求成功
2020-07-09 23:36:06,174 - [INFO] - GetCaseData - MainThread - case - 14 - [日志信息]:=====测试用例读取开始=====
2020-07-09 23:36:06,180 - [INFO] - GetCaseData - MainThread - case - 28 - [日志信息]:=====测试用例读取完成=====
2020-07-09 23:36:06,187 - [INFO] - GetCaseData - MainThread - case - 14 - [日志信息]:=====测试用例读取开始=====
2020-07-09 23:36:06,190 - [INFO] - GetCaseData - MainThread - case - 28 - [日志信息]:=====测试用例读取完成=====
2020-07-09 23:36:06,197 - [INFO] - GetCaseData - MainThread - case - 14 - [日志信息]:=====测试用例读取开始=====
2020-07-09 23:36:06,199 - [INFO] - GetCaseData - MainThread - case - 28 - [日志信息]:=====测试用例读取完成=====
2020-07-09 23:36:06,212 - [INFO] - GetCaseData - MainThread - case - 14 - [日志信息]:=====测试用例读取开始=====
2020-07-09 23:36:06,218 - [INFO] - GetCaseData - MainThread - case - 28 - [日志信息]:=====测试用例读取完成=====
2020-07-09 23:36:06,241 - [INFO] - GetCaseData - MainThread - case - 14 - [日志信息]:=====测试用例读取开始=====
2020-07-09 23:36:06,244 - [INFO] - GetCaseData - MainThread - case - 28 - [日志信息]:=====测试用例读取完成=====
2020-07-09 23:36:06,753 - [INFO] - GetCaseData - MainThread - case - 14 - [日志信息]:=====测试用例读取开始=====
2020-07-09 23:36:06,757 - [INFO] - GetCaseData - MainThread - case - 28 - [日志信息]:=====测试用例读取完成=====
2020-07-09 23:36:06,764 - [INFO] - GetCaseData - MainThread - case - 14 - [日志信息]:=====测试用例读取开始=====
2020-07-09 23:36:06,767 - [INFO] - GetCaseData - MainThread - case - 28 - [日志信息]:=====测试用例读取完成=====
2020-07-09 23:36:06,774 - [INFO] - GetCaseData - MainThread - case - 14 - [日志信息]:=====测试用例读取开始=====
2020-07-09 23:36:06,777 - [INFO] - GetCaseData - MainThread - case - 28 - [日志信息]:=====测试用例读取完成=====
2020-07-09 23:36:06,785 - [INFO] - GetCaseData - MainThread - case - 14 - [日志信息]:=====测试用例读取开始=====
2020-07-09 23:36:06,787 - [INFO] - GetCaseData - MainThread - case - 28 - [日志信息]:=====测试用例读取完成=====
2020-07-09 23:36:06,795 - [INFO] - GetCaseData - MainThread - case - 14 - [日志信息]:=====测试用例读取开始=====
2020-07-09 23:36:06,798 - [INFO] - GetCaseData - MainThread - case - 28 - [日志信息]:=====测试用例读取完成=====
2020-07-09 23:36:06,999 - [INFO] - test_check_api - MainThread - case - 18 - [日志信息]:开始运用用例 test_api
2020-07-09 23:36:07,000 - [INFO] - ResquestMethod - MainThread - case - 25 - [日志信息]:百度接口正在发送请求
2020-07-09 23:36:07,061 - [INFO] - ResquestMethod - MainThread - case - 32 - [日志信息]:百度接口请求成功
2020-07-09 23:36:07,066 - [INFO] - test_check_api - MainThread - case - 18 - [日志信息]:开始运用用例 test_api
2020-07-09 23:36:07,067 - [INFO] - ResquestMethod - MainThread - case - 25 - [日志信息]:百度接口正在发送请求
2020-07-09 23:36:07,085 - [INFO] - ResquestMethod - MainThread - case - 32 - [日志信息]:百度接口请求成功
2020-07-09 23:36:07,089 - [INFO] - test_check_api - MainThread - case - 18 - [日志信息]:开始运用用例 test_api
2020-07-09 23:36:07,090 - [INFO] - ResquestMethod - MainThread - case - 25 - [日志信息]:百度接口正在发送请求
2020-07-09 23:36:07,108 - [INFO] - ResquestMethod - MainThread - case - 32 - [日志信息]:百度接口请求成功
2020-07-09 23:36:07,113 - [INFO] - test_check_api - MainThread - case - 18 - [日志信息]:开始运用用例 test_api
2020-07-09 23:36:07,113 - [INFO] - ResquestMethod - MainThread - case - 25 - [日志信息]:百度接口正在发送请求
2020-07-09 23:36:07,135 - [INFO] - ResquestMethod - MainThread - case - 32 - [日志信息]:百度接口请求成功
2020-07-09 23:36:07,144 - [INFO] - test_check_api - MainThread - case - 18 - [日志信息]:开始运用用例 test_api
2020-07-09 23:36:07,144 - [INFO] - ResquestMethod - MainThread - case - 25 - [日志信息]:百度接口正在发送请求
2020-07-09 23:36:07,165 - [INFO] - ResquestMethod - MainThread - case - 32 - [日志信息]:百度接口请求成功
2020-07-09 23:36:07,174 - [INFO] - test_check_api - MainThread - case - 18 - [日志信息]:开始运用用例 test_api
2020-07-09 23:36:07,174 - [INFO] - ResquestMethod - MainThread - case - 25 - [日志信息]:百度接口正在发送请求
2020-07-09 23:36:07,194 - [INFO] - ResquestMethod - MainThread - case - 32 - [日志信息]:百度接口请求成功
2020-07-09 23:36:07,203 - [INFO] - test_check_api - MainThread - case - 18 - [日志信息]:开始运用用例 test_api
2020-07-09 23:36:07,203 - [INFO] - ResquestMethod - MainThread - case - 25 - [日志信息]:百度接口正在发送请求
2020-07-09 23:36:07,245 - [INFO] - ResquestMethod - MainThread - case - 32 - [日志信息]:百度接口请求成功
2020-07-09 23:36:07,253 - [INFO] - test_check_api - MainThread - case - 18 - [日志信息]:开始运用用例 test_api
2020-07-09 23:36:07,253 - [INFO] - ResquestMethod - MainThread - case - 25 - [日志信息]:百度接口正在发送请求
2020-07-09 23:36:07,276 - [INFO] - ResquestMethod - MainThread - case - 32 - [日志信息]:百度接口请求成功
2020-07-09 23:36:07,282 - [INFO] - test_check_api - MainThread - case - 18 - [日志信息]:开始运用用例 test_api
2020-07-09 23:36:07,282 - [INFO] - ResquestMethod - MainThread - case - 25 - [日志信息]:百度接口正在发送请求
2020-07-09 23:36:07,303 - [INFO] - ResquestMethod - MainThread - case - 32 - [日志信息]:百度接口请求成功
2020-07-09 23:36:07,310 - [INFO] - test_check_api - MainThread - case - 18 - [日志信息]:开始运用用例 test_api
2020-07-09 23:36:07,311 - [INFO] - ResquestMethod - MainThread - case - 25 - [日志信息]:百度接口正在发送请求
2020-07-09 23:36:07,372 - [INFO] - ResquestMethod - MainThread - case - 32 - [日志信息]:百度接口请求成功
2020-07-09 23:36:07,381 - [INFO] - test_check_api - MainThread - case - 18 - [日志信息]:开始运用用例 test_api
2020-07-09 23:36:07,382 - [INFO] - ResquestMethod - MainThread - case - 25 - [日志信息]:百度接口正在发送请求
2020-07-09 23:36:07,405 - [INFO] - ResquestMethod - MainThread - case - 32 - [日志信息]:百度接口请求成功
2020-07-09 23:36:07,414 - [INFO] - test_check_api - MainThread - case - 18 - [日志信息]:开始运用用例 test_api
2020-07-09 23:36:07,415 - [INFO] - ResquestMethod - MainThread - case - 25 - [日志信息]:百度接口正在发送请求
2020-07-09 23:36:07,435 - [INFO] - ResquestMethod - MainThread - case - 32 - [日志信息]:百度接口请求成功
2020-07-09 23:36:07,443 - [INFO] - test_check_api - MainThread - case - 18 - [日志信息]:开始运用用例 test_api
2020-07-09 23:36:07,444 - [INFO] - ResquestMethod - MainThread - case - 25 - [日志信息]:百度接口正在发送请求
2020-07-09 23:36:07,462 - [INFO] - ResquestMethod - MainThread - case - 32 - [日志信息]:百度接口请求成功
2020-07-09 23:36:07,468 - [INFO] - test_check_api - MainThread - case - 18 - [日志信息]:开始运用用例 test_api
2020-07-09 23:36:07,468 - [INFO] - ResquestMethod - MainThread - case - 25 - [日志信息]:百度接口正在发送请求
2020-07-09 23:36:07,510 - [INFO] - ResquestMethod - MainThread - case - 32 - [日志信息]:百度接口请求成功
2020-07-09 23:36:07,523 - [INFO] - test_check_api - MainThread - case - 18 - [日志信息]:开始运用用例 test_api
2020-07-09 23:36:07,523 - [INFO] - ResquestMethod - MainThread - case - 25 - [日志信息]:百度接口正在发送请求
2020-07-09 23:36:07,545 - [INFO] - ResquestMethod - MainThread - case - 32 - [日志信息]:百度接口请求成功
2020-07-09 23:36:07,551 - [INFO] - test_check_api - MainThread - case - 18 - [日志信息]:开始运用用例 test_api
2020-07-09 23:36:07,551 - [INFO] - ResquestMethod - MainThread - case - 25 - [日志信息]:百度接口正在发送请求
2020-07-09 23:36:07,570 - [INFO] - ResquestMethod - MainThread - case - 32 - [日志信息]:百度接口请求成功
2020-07-09 23:36:07,580 - [INFO] - test_check_api - MainThread - case - 18 - [日志信息]:开始运用用例 test_api
2020-07-09 23:36:07,581 - [INFO] - ResquestMethod - MainThread - case - 25 - [日志信息]:百度接口正在发送请求
2020-07-09 23:36:07,602 - [INFO] - ResquestMethod - MainThread - case - 32 - [日志信息]:百度接口请求成功
2020-07-09 23:36:07,612 - [INFO] - test_check_api - MainThread - case - 18 - [日志信息]:开始运用用例 test_api
2020-07-09 23:36:07,612 - [INFO] - ResquestMethod - MainThread - case - 25 - [日志信息]:百度接口正在发送请求
2020-07-09 23:36:07,632 - [INFO] - ResquestMethod - MainThread - case - 32 - [日志信息]:百度接口请求成功
2020-07-09 23:36:07,641 - [INFO] - test_check_api - MainThread - case - 18 - [日志信息]:开始运用用例 test_api
2020-07-09 23:36:07,641 - [INFO] - ResquestMethod - MainThread - case - 25 - [日志信息]:百度接口正在发送请求
2020-07-09 23:36:07,660 - [INFO] - ResquestMethod - MainThread - case - 32 - [日志信息]:百度接口请求成功
2020-07-09 23:36:07,665 - [INFO] - test_check_api - MainThread - case - 18 - [日志信息]:开始运用用例 test_api
2020-07-09 23:36:07,665 - [INFO] - ResquestMethod - MainThread - case - 25 - [日志信息]:百度接口正在发送请求
2020-07-09 23:36:07,683 - [INFO] - ResquestMethod - MainThread - case - 32 - [日志信息]:百度接口请求成功
2020-07-09 23:36:07,689 - [INFO] - test_check_api - MainThread - case - 18 - [日志信息]:开始运用用例 test_api
2020-07-09 23:36:07,690 - [INFO] - ResquestMethod - MainThread - case - 25 - [日志信息]:百度接口正在发送请求
2020-07-09 23:36:07,709 - [INFO] - ResquestMethod - MainThread - case - 32 - [日志信息]:百度接口请求成功
2020-07-09 23:36:07,716 - [INFO] - test_check_api - MainThread - case - 18 - [日志信息]:开始运用用例 test_api
2020-07-09 23:36:07,718 - [INFO] - ResquestMethod - MainThread - case - 25 - [日志信息]:百度接口正在发送请求
2020-07-09 23:36:07,736 - [INFO] - ResquestMethod - MainThread - case - 32 - [日志信息]:百度接口请求成功
2020-07-09 23:36:07,741 - [INFO] - test_check_api - MainThread - case - 18 - [日志信息]:开始运用用例 test_api
2020-07-09 23:36:07,742 - [INFO] - ResquestMethod - MainThread - case - 25 - [日志信息]:百度接口正在发送请求
2020-07-09 23:36:07,762 - [INFO] - ResquestMethod - MainThread - case - 32 - [日志信息]:百度接口请求成功
2020-07-09 23:36:07,772 - [INFO] - test_check_api - MainThread - case - 18 - [日志信息]:开始运用用例 test_api
2020-07-09 23:36:07,772 - [INFO] - ResquestMethod - MainThread - case - 25 - [日志信息]:百度接口正在发送请求
2020-07-09 23:36:07,792 - [INFO] - ResquestMethod - MainThread - case - 32 - [日志信息]:百度接口请求成功
2020-07-09 23:36:07,799 - [INFO] - test_check_api - MainThread - case - 18 - [日志信息]:开始运用用例 test_api
2020-07-09 23:36:07,799 - [INFO] - ResquestMethod - MainThread - case - 25 - [日志信息]:百度接口正在发送请求
2020-07-09 23:36:07,815 - [INFO] - ResquestMethod - MainThread - case - 32 - [日志信息]:百度接口请求成功
2020-07-09 23:36:07,825 - [INFO] - test_check_api - MainThread - case - 18 - [日志信息]:开始运用用例 test_api
2020-07-09 23:36:07,826 - [INFO] - ResquestMethod - MainThread - case - 25 - [日志信息]:百度接口正在发送请求
2020-07-09 23:36:07,845 - [INFO] - ResquestMethod - MainThread - case - 32 - [日志信息]:百度接口请求成功
2020-07-09 23:36:07,850 - [INFO] - test_check_api - MainThread - case - 18 - [日志信息]:开始运用用例 test_api
2020-07-09 23:36:07,850 - [INFO] - ResquestMethod - MainThread - case - 25 - [日志信息]:百度接口正在发送请求
2020-07-09 23:36:07,874 - [INFO] - ResquestMethod - MainThread - case - 32 - [日志信息]:百度接口请求成功
2020-07-09 23:36:07,885 - [INFO] - test_check_api - MainThread - case - 18 - [日志信息]:开始运用用例 test_api
2020-07-09 23:36:07,885 - [INFO] - ResquestMethod - MainThread - case - 25 - [日志信息]:百度接口正在发送请求
2020-07-09 23:36:07,902 - [INFO] - ResquestMethod - MainThread - case - 32 - [日志信息]:百度接口请求成功
2020-07-09 23:36:07,907 - [INFO] - test_check_api - MainThread - case - 18 - [日志信息]:开始运用用例 test_api
2020-07-09 23:36:07,908 - [INFO] - ResquestMethod - MainThread - case - 25 - [日志信息]:百度接口正在发送请求
2020-07-09 23:36:07,930 - [INFO] - ResquestMethod - MainThread - case - 32 - [日志信息]:百度接口请求成功
2020-07-09 23:36:07,941 - [INFO] - test_check_api - MainThread - case - 18 - [日志信息]:开始运用用例 test_api
2020-07-09 23:36:07,942 - [INFO] - ResquestMethod - MainThread - case - 25 - [日志信息]:百度接口正在发送请求
2020-07-09 23:36:07,962 - [INFO] - ResquestMethod - MainThread - case - 32 - [日志信息]:百度接口请求成功
2020-07-09 23:36:07,969 - [INFO] - test_check_api - MainThread - case - 18 - [日志信息]:开始运用用例 test_api
2020-07-09 23:36:07,969 - [INFO] - ResquestMethod - MainThread - case - 25 - [日志信息]:百度接口正在发送请求
2020-07-09 23:36:07,986 - [INFO] - ResquestMethod - MainThread - case - 32 - [日志信息]:百度接口请求成功
2020-07-09 23:36:07,992 - [INFO] - test_check_api - MainThread - case - 18 - [日志信息]:开始运用用例 test_api
2020-07-09 23:36:07,992 - [INFO] - ResquestMethod - MainThread - case - 25 - [日志信息]:百度接口正在发送请求
2020-07-09 23:36:08,011 - [INFO] - ResquestMethod - MainThread - case - 32 - [日志信息]:百度接口请求成功
2020-07-09 23:37:07,721 - [INFO] - GetCaseData - MainThread - case - 14 - [日志信息]:=====测试用例读取开始=====
2020-07-09 23:37:07,726 - [INFO] - GetCaseData - MainThread - case - 28 - [日志信息]:=====测试用例读取完成=====
2020-07-09 23:37:07,734 - [INFO] - GetCaseData - MainThread - case - 14 - [日志信息]:=====测试用例读取开始=====
2020-07-09 23:37:07,736 - [INFO] - GetCaseData - MainThread - case - 28 - [日志信息]:=====测试用例读取完成=====
2020-07-09 23:37:07,743 - [INFO] - GetCaseData - MainThread - case - 14 - [日志信息]:=====测试用例读取开始=====
2020-07-09 23:37:07,746 - [INFO] - GetCaseData - MainThread - case - 28 - [日志信息]:=====测试用例读取完成=====
2020-07-09 23:37:07,753 - [INFO] - GetCaseData - MainThread - case - 14 - [日志信息]:=====测试用例读取开始=====
2020-07-09 23:37:07,756 - [INFO] - GetCaseData - MainThread - case - 28 - [日志信息]:=====测试用例读取完成=====
2020-07-09 23:37:07,763 - [INFO] - GetCaseData - MainThread - case - 14 - [日志信息]:=====测试用例读取开始=====
2020-07-09 23:37:07,765 - [INFO] - GetCaseData - MainThread - case - 28 - [日志信息]:=====测试用例读取完成=====
2020-07-09 23:37:08,259 - [INFO] - GetCaseData - MainThread - case - 14 - [日志信息]:=====测试用例读取开始=====
2020-07-09 23:37:08,279 - [INFO] - GetCaseData - MainThread - case - 28 - [日志信息]:=====测试用例读取完成=====
2020-07-09 23:37:08,288 - [INFO] - GetCaseData - MainThread - case - 14 - [日志信息]:=====测试用例读取开始=====
2020-07-09 23:37:08,292 - [INFO] - GetCaseData - MainThread - case - 28 - [日志信息]:=====测试用例读取完成=====
2020-07-09 23:37:08,308 - [INFO] - GetCaseData - MainThread - case - 14 - [日志信息]:=====测试用例读取开始=====
2020-07-09 23:37:08,312 - [INFO] - GetCaseData - MainThread - case - 28 - [日志信息]:=====测试用例读取完成=====
2020-07-09 23:37:08,325 - [INFO] - GetCaseData - MainThread - case - 14 - [日志信息]:=====测试用例读取开始=====
2020-07-09 23:37:08,328 - [INFO] - GetCaseData - MainThread - case - 28 - [日志信息]:=====测试用例读取完成=====
2020-07-09 23:37:08,336 - [INFO] - GetCaseData - MainThread - case - 14 - [日志信息]:=====测试用例读取开始=====
2020-07-09 23:37:08,338 - [INFO] - GetCaseData - MainThread - case - 28 - [日志信息]:=====测试用例读取完成=====
2020-07-09 23:37:08,554 - [INFO] - test_check_api - MainThread - case - 18 - [日志信息]:is running test_api
2020-07-09 23:37:08,554 - [INFO] - ResquestMethod - MainThread - case - 25 - [日志信息]:百度接口正在发送请求
2020-07-09 23:37:08,603 - [INFO] - ResquestMethod - MainThread - case - 32 - [日志信息]:百度接口请求成功
2020-07-09 23:37:08,613 - [INFO] - test_check_api - MainThread - case - 18 - [日志信息]:is running test_api
2020-07-09 23:37:08,613 - [INFO] - ResquestMethod - MainThread - case - 25 - [日志信息]:百度接口正在发送请求
2020-07-09 23:37:08,663 - [INFO] - ResquestMethod - MainThread - case - 32 - [日志信息]:百度接口请求成功
2020-07-09 23:37:08,673 - [INFO] - test_check_api - MainThread - case - 18 - [日志信息]:is running test_api
2020-07-09 23:37:08,673 - [INFO] - ResquestMethod - MainThread - case - 25 - [日志信息]:百度接口正在发送请求
2020-07-09 23:37:08,694 - [INFO] - ResquestMethod - MainThread - case - 32 - [日志信息]:百度接口请求成功
2020-07-09 23:37:08,699 - [INFO] - test_check_api - MainThread - case - 18 - [日志信息]:is running test_api
2020-07-09 23:37:08,700 - [INFO] - ResquestMethod - MainThread - case - 25 - [日志信息]:百度接口正在发送请求
2020-07-09 23:37:08,717 - [INFO] - ResquestMethod - MainThread - case - 32 - [日志信息]:百度接口请求成功
2020-07-09 23:37:08,727 - [INFO] - test_check_api - MainThread - case - 18 - [日志信息]:is running test_api
2020-07-09 23:37:08,728 - [INFO] - ResquestMethod - MainThread - case - 25 - [日志信息]:百度接口正在发送请求
2020-07-09 23:37:08,750 - [INFO] - ResquestMethod - MainThread - case - 32 - [日志信息]:百度接口请求成功
2020-07-09 23:37:08,760 - [INFO] - test_check_api - MainThread - case - 18 - [日志信息]:is running test_api
2020-07-09 23:37:08,760 - [INFO] - ResquestMethod - MainThread - case - 25 - [日志信息]:百度接口正在发送请求
2020-07-09 23:37:08,780 - [INFO] - ResquestMethod - MainThread - case - 32 - [日志信息]:百度接口请求成功
2020-07-09 23:37:08,786 - [INFO] - test_check_api - MainThread - case - 18 - [日志信息]:is running test_api
2020-07-09 23:37:08,786 - [INFO] - ResquestMethod - MainThread - case - 25 - [日志信息]:百度接口正在发送请求
2020-07-09 23:37:08,806 - [INFO] - ResquestMethod - MainThread - case - 32 - [日志信息]:百度接口请求成功
2020-07-09 23:37:08,812 - [INFO] - test_check_api - MainThread - case - 18 - [日志信息]:is running test_api
2020-07-09 23:37:08,813 - [INFO] - ResquestMethod - MainThread - case - 25 - [日志信息]:百度接口正在发送请求
2020-07-09 23:37:08,831 - [INFO] - ResquestMethod - MainThread - case - 32 - [日志信息]:百度接口请求成功
2020-07-09 23:37:08,837 - [INFO] - test_check_api - MainThread - case - 18 - [日志信息]:is running test_api
2020-07-09 23:37:08,838 - [INFO] - ResquestMethod - MainThread - case - 25 - [日志信息]:百度接口正在发送请求
2020-07-09 23:37:08,856 - [INFO] - ResquestMethod - MainThread - case - 32 - [日志信息]:百度接口请求成功
2020-07-09 23:37:08,868 - [INFO] - test_check_api - MainThread - case - 18 - [日志信息]:is running test_api
2020-07-09 23:37:08,869 - [INFO] - ResquestMethod - MainThread - case - 25 - [日志信息]:百度接口正在发送请求
2020-07-09 23:37:08,891 - [INFO] - ResquestMethod - MainThread - case - 32 - [日志信息]:百度接口请求成功
2020-07-09 23:37:08,900 - [INFO] - test_check_api - MainThread - case - 18 - [日志信息]:is running test_api
2020-07-09 23:37:08,901 - [INFO] - ResquestMethod - MainThread - case - 25 - [日志信息]:百度接口正在发送请求
2020-07-09 23:37:08,922 - [INFO] - ResquestMethod - MainThread - case - 32 - [日志信息]:百度接口请求成功
2020-07-09 23:37:08,931 - [INFO] - test_check_api - MainThread - case - 18 - [日志信息]:is running test_api
2020-07-09 23:37:08,931 - [INFO] - ResquestMethod - MainThread - case - 25 - [日志信息]:百度接口正在发送请求
2020-07-09 23:37:08,949 - [INFO] - ResquestMethod - MainThread - case - 32 - [日志信息]:百度接口请求成功
2020-07-09 23:37:08,959 - [INFO] - test_check_api - MainThread - case - 18 - [日志信息]:is running test_api
2020-07-09 23:37:08,959 - [INFO] - ResquestMethod - MainThread - case - 25 - [日志信息]:百度接口正在发送请求
2020-07-09 23:37:08,981 - [INFO] - ResquestMethod - MainThread - case - 32 - [日志信息]:百度接口请求成功
2020-07-09 23:37:08,994 - [INFO] - test_check_api - MainThread - case - 18 - [日志信息]:is running test_api
2020-07-09 23:37:08,995 - [INFO] - ResquestMethod - MainThread - case - 25 - [日志信息]:百度接口正在发送请求
2020-07-09 23:37:09,013 - [INFO] - ResquestMethod - MainThread - case - 32 - [日志信息]:百度接口请求成功
2020-07-09 23:37:09,021 - [INFO] - test_check_api - MainThread - case - 18 - [日志信息]:is running test_api
2020-07-09 23:37:09,021 - [INFO] - ResquestMethod - MainThread - case - 25 - [日志信息]:百度接口正在发送请求
2020-07-09 23:37:09,040 - [INFO] - ResquestMethod - MainThread - case - 32 - [日志信息]:百度接口请求成功
2020-07-09 23:37:09,048 - [INFO] - test_check_api - MainThread - case - 18 - [日志信息]:is running test_api
2020-07-09 23:37:09,049 - [INFO] - ResquestMethod - MainThread - case - 25 - [日志信息]:百度接口正在发送请求
2020-07-09 23:37:09,069 - [INFO] - ResquestMethod - MainThread - case - 32 - [日志信息]:百度接口请求成功
2020-07-09 23:37:09,075 - [INFO] - test_check_api - MainThread - case - 18 - [日志信息]:is running test_api
2020-07-09 23:37:09,075 - [INFO] - ResquestMethod - MainThread - case - 25 - [日志信息]:百度接口正在发送请求
2020-07-09 23:37:09,098 - [INFO] - ResquestMethod - MainThread - case - 32 - [日志信息]:百度接口请求成功
2020-07-09 23:37:09,104 - [INFO] - test_check_api - MainThread - case - 18 - [日志信息]:is running test_api
2020-07-09 23:37:09,104 - [INFO] - ResquestMethod - MainThread - case - 25 - [日志信息]:百度接口正在发送请求
2020-07-09 23:37:09,124 - [INFO] - ResquestMethod - MainThread - case - 32 - [日志信息]:百度接口请求成功
2020-07-09 23:37:09,130 - [INFO] - test_check_api - MainThread - case - 18 - [日志信息]:is running test_api
2020-07-09 23:37:09,130 - [INFO] - ResquestMethod - MainThread - case - 25 - [日志信息]:百度接口正在发送请求
2020-07-09 23:37:09,150 - [INFO] - ResquestMethod - MainThread - case - 32 - [日志信息]:百度接口请求成功
2020-07-09 23:37:09,160 - [INFO] - test_check_api - MainThread - case - 18 - [日志信息]:is running test_api
2020-07-09 23:37:09,160 - [INFO] - ResquestMethod - MainThread - case - 25 - [日志信息]:百度接口正在发送请求
2020-07-09 23:37:09,181 - [INFO] - ResquestMethod - MainThread - case - 32 - [日志信息]:百度接口请求成功
2020-07-09 23:37:09,190 - [INFO] - test_check_api - MainThread - case - 18 - [日志信息]:is running test_api
2020-07-09 23:37:09,190 - [INFO] - ResquestMethod - MainThread - case - 25 - [日志信息]:百度接口正在发送请求
2020-07-09 23:37:09,208 - [INFO] - ResquestMethod - MainThread - case - 32 - [日志信息]:百度接口请求成功
2020-07-09 23:37:09,213 - [INFO] - test_check_api - MainThread - case - 18 - [日志信息]:is running test_api
2020-07-09 23:37:09,214 - [INFO] - ResquestMethod - MainThread - case - 25 - [日志信息]:百度接口正在发送请求
2020-07-09 23:37:09,236 - [INFO] - ResquestMethod - MainThread - case - 32 - [日志信息]:百度接口请求成功
2020-07-09 23:37:09,248 - [INFO] - test_check_api - MainThread - case - 18 - [日志信息]:is running test_api
2020-07-09 23:37:09,249 - [INFO] - ResquestMethod - MainThread - case - 25 - [日志信息]:百度接口正在发送请求
2020-07-09 23:37:09,267 - [INFO] - ResquestMethod - MainThread - case - 32 - [日志信息]:百度接口请求成功
2020-07-09 23:37:09,273 - [INFO] - test_check_api - MainThread - case - 18 - [日志信息]:is running test_api
2020-07-09 23:37:09,274 - [INFO] - ResquestMethod - MainThread - case - 25 - [日志信息]:百度接口正在发送请求
2020-07-09 23:37:09,330 - [INFO] - ResquestMethod - MainThread - case - 32 - [日志信息]:百度接口请求成功
2020-07-09 23:37:09,336 - [INFO] - test_check_api - MainThread - case - 18 - [日志信息]:is running test_api
2020-07-09 23:37:09,336 - [INFO] - ResquestMethod - MainThread - case - 25 - [日志信息]:百度接口正在发送请求
2020-07-09 23:37:09,357 - [INFO] - ResquestMethod - MainThread - case - 32 - [日志信息]:百度接口请求成功
2020-07-09 23:37:09,367 - [INFO] - test_check_api - MainThread - case - 18 - [日志信息]:is running test_api
2020-07-09 23:37:09,380 - [INFO] - ResquestMethod - MainThread - case - 25 - [日志信息]:百度接口正在发送请求
2020-07-09 23:37:09,405 - [INFO] - ResquestMethod - MainThread - case - 32 - [日志信息]:百度接口请求成功
2020-07-09 23:37:09,415 - [INFO] - test_check_api - MainThread - case - 18 - [日志信息]:is running test_api
2020-07-09 23:37:09,415 - [INFO] - ResquestMethod - MainThread - case - 25 - [日志信息]:百度接口正在发送请求
2020-07-09 23:37:09,437 - [INFO] - ResquestMethod - MainThread - case - 32 - [日志信息]:百度接口请求成功
2020-07-09 23:37:09,447 - [INFO] - test_check_api - MainThread - case - 18 - [日志信息]:is running test_api
2020-07-09 23:37:09,448 - [INFO] - ResquestMethod - MainThread - case - 25 - [日志信息]:百度接口正在发送请求
2020-07-09 23:37:09,469 - [INFO] - ResquestMethod - MainThread - case - 32 - [日志信息]:百度接口请求成功
2020-07-09 23:37:09,481 - [INFO] - test_check_api - MainThread - case - 18 - [日志信息]:is running test_api
2020-07-09 23:37:09,481 - [INFO] - ResquestMethod - MainThread - case - 25 - [日志信息]:百度接口正在发送请求
2020-07-09 23:37:09,504 - [INFO] - ResquestMethod - MainThread - case - 32 - [日志信息]:百度接口请求成功
2020-07-09 23:37:09,513 - [INFO] - test_check_api - MainThread - case - 18 - [日志信息]:is running test_api
2020-07-09 23:37:09,513 - [INFO] - ResquestMethod - MainThread - case - 25 - [日志信息]:百度接口正在发送请求
2020-07-09 23:37:09,533 - [INFO] - ResquestMethod - MainThread - case - 32 - [日志信息]:百度接口请求成功
2020-07-09 23:37:09,540 - [INFO] - test_check_api - MainThread - case - 18 - [日志信息]:is running test_api
2020-07-09 23:37:09,541 - [INFO] - ResquestMethod - MainThread - case - 25 - [日志信息]:百度接口正在发送请求
2020-07-09 23:37:09,561 - [INFO] - ResquestMethod - MainThread - case - 32 - [日志信息]:百度接口请求成功
2020-07-09 23:37:09,570 - [INFO] - test_check_api - MainThread - case - 18 - [日志信息]:is running test_api
2020-07-09 23:37:09,570 - [INFO] - ResquestMethod - MainThread - case - 25 - [日志信息]:百度接口正在发送请求
2020-07-09 23:37:09,592 - [INFO] - ResquestMethod - MainThread - case - 32 - [日志信息]:百度接口请求成功
2020-07-09 23:41:09,194 - [INFO] - GetCaseData - MainThread - case - 14 - [日志信息]:=====测试用例读取开始=====
2020-07-09 23:41:09,213 - [INFO] - GetCaseData - MainThread - case - 28 - [日志信息]:=====测试用例读取完成=====
2020-07-09 23:41:20,381 - [INFO] - GetCaseData - MainThread - case - 14 - [日志信息]:=====测试用例读取开始=====
2020-07-09 23:41:20,385 - [INFO] - GetCaseData - MainThread - case - 28 - [日志信息]:=====测试用例读取完成=====
2020-07-09 23:41:20,910 - [INFO] - GetCaseData - MainThread - case - 14 - [日志信息]:=====测试用例读取开始=====
2020-07-09 23:41:20,913 - [INFO] - GetCaseData - MainThread - case - 28 - [日志信息]:=====测试用例读取完成=====
2020-07-09 23:42:38,566 - [INFO] - GetCaseData - MainThread - case - 14 - [日志信息]:=====测试用例读取开始=====
2020-07-09 23:42:38,580 - [INFO] - GetCaseData - MainThread - case - 28 - [日志信息]:=====测试用例读取完成=====
2020-07-09 23:42:39,062 - [INFO] - GetCaseData - MainThread - case - 14 - [日志信息]:=====测试用例读取开始=====
2020-07-09 23:42:39,065 - [INFO] - GetCaseData - MainThread - case - 28 - [日志信息]:=====测试用例读取完成=====
2020-07-09 23:43:56,296 - [INFO] - GetCaseData - MainThread - case - 14 - [日志信息]:=====测试用例读取开始=====
2020-07-09 23:43:56,310 - [INFO] - GetCaseData - MainThread - case - 28 - [日志信息]:=====测试用例读取完成=====
2020-07-09 23:43:56,837 - [INFO] - GetCaseData - MainThread - case - 14 - [日志信息]:=====测试用例读取开始=====
2020-07-09 23:43:56,840 - [INFO] - GetCaseData - MainThread - case - 28 - [日志信息]:=====测试用例读取完成=====
2020-07-09 23:43:57,019 - [INFO] - test_check_api - MainThread - case - 14 - [日志信息]:开始运用用例 test_api
2020-07-09 23:43:57,020 - [INFO] - ResquestMethod - MainThread - case - 25 - [日志信息]:百度接口正在发送请求
2020-07-09 23:43:57,222 - [INFO] - ResquestMethod - MainThread - case - 32 - [日志信息]:百度接口请求成功
2020-07-09 23:43:57,234 - [INFO] - test_check_api - MainThread - case - 14 - [日志信息]:开始运用用例 test_api
2020-07-09 23:43:57,234 - [INFO] - ResquestMethod - MainThread - case - 25 - [日志信息]:百度接口正在发送请求
2020-07-09 23:43:57,255 - [INFO] - ResquestMethod - MainThread - case - 32 - [日志信息]:百度接口请求成功
2020-07-09 23:44:32,787 - [INFO] - GetCaseData - MainThread - case - 14 - [日志信息]:=====测试用例读取开始=====
2020-07-09 23:44:32,809 - [INFO] - GetCaseData - MainThread - case - 28 - [日志信息]:=====测试用例读取完成=====
2020-07-09 23:44:33,304 - [INFO] - GetCaseData - MainThread - case - 14 - [日志信息]:=====测试用例读取开始=====
2020-07-09 23:44:33,308 - [INFO] - GetCaseData - MainThread - case - 28 - [日志信息]:=====测试用例读取完成=====
2020-07-09 23:44:33,488 - [INFO] - test_check_api - MainThread - case - 14 - [日志信息]:开始运用用例 test_api
2020-07-09 23:44:33,488 - [INFO] - ResquestMethod - MainThread - case - 25 - [日志信息]:百度接口正在发送请求
2020-07-09 23:44:33,544 - [INFO] - ResquestMethod - MainThread - case - 32 - [日志信息]:百度接口请求成功
2020-07-09 23:44:33,554 - [INFO] - test_check_api - MainThread - case - 14 - [日志信息]:开始运用用例 test_api
2020-07-09 23:44:33,554 - [INFO] - ResquestMethod - MainThread - case - 25 - [日志信息]:百度接口正在发送请求
2020-07-09 23:44:33,578 - [INFO] - ResquestMethod - MainThread - case - 32 - [日志信息]:百度接口请求成功
2020-07-12 20:06:12,473 - [INFO] - GetCaseData - MainThread - case - 14 - [日志信息]:=====测试用例读取开始=====
2020-07-12 20:06:12,489 - [INFO] - GetCaseData - MainThread - case - 28 - [日志信息]:=====测试用例读取完成=====
2020-07-12 20:06:13,116 - [INFO] - GetCaseData - MainThread - case - 14 - [日志信息]:=====测试用例读取开始=====
2020-07-12 20:06:13,119 - [INFO] - GetCaseData - MainThread - case - 28 - [日志信息]:=====测试用例读取完成=====
2020-07-12 20:06:13,303 - [INFO] - test_check_api - MainThread - case - 16 - [日志信息]:开始运行用例 test_api
2020-07-12 20:06:13,303 - [INFO] - ResquestMethod - MainThread - case - 25 - [日志信息]:百度接口正在发送请求
2020-07-12 20:06:13,615 - [INFO] - ResquestMethod - MainThread - case - 32 - [日志信息]:百度接口请求成功
2020-07-12 20:06:13,647 - [INFO] - test_check_api - MainThread - case - 16 - [日志信息]:开始运行用例 test_api
2020-07-12 20:06:13,648 - [INFO] - ResquestMethod - MainThread - case - 25 - [日志信息]:百度接口正在发送请求
2020-07-12 20:06:13,673 - [INFO] - ResquestMethod - MainThread - case - 32 - [日志信息]:百度接口请求成功
2020-07-12 20:07:35,011 - [INFO] - GetCaseData - MainThread - case - 14 - [日志信息]:=====测试用例读取开始=====
2020-07-12 20:07:35,017 - [INFO] - GetCaseData - MainThread - case - 28 - [日志信息]:=====测试用例读取完成=====
2020-07-12 20:07:35,211 - [INFO] - test_check_api - MainThread - case - 15 - [日志信息]:开始运行用例 test_api
2020-07-12 20:07:35,211 - [INFO] - ResquestMethod - MainThread - case - 25 - [日志信息]:百度接口正在发送请求
2020-07-12 20:07:35,266 - [INFO] - ResquestMethod - MainThread - case - 32 - [日志信息]:百度接口请求成功
2020-07-12 20:07:35,295 - [INFO] - test_check_api - MainThread - case - 15 - [日志信息]:开始运行用例 test_api
2020-07-12 20:07:35,295 - [INFO] - ResquestMethod - MainThread - case - 25 - [日志信息]:百度接口正在发送请求
2020-07-12 20:07:35,317 - [INFO] - ResquestMethod - MainThread - case - 32 - [日志信息]:百度接口请求成功
